<?xml version="1.0" encoding="UTF-8"?>
<!-- Generated by org.testng.reporters.JUnitReportReporter -->
<testsuite hostname="ayush_dell" failures="0" tests="2" name="AutomationTestingFrameworkLearn.SeleniumFrameworkDesign.SubmitOrderTest" time="74.415" errors="0" timestamp="2024-06-15T15:09:41 IST" skipped="0">
  <testcase classname="AutomationTestingFrameworkLearn.SeleniumFrameworkDesign.SubmitOrderTest" name="submitOrder" time="34.971"/>
  <testcase classname="AutomationTestingFrameworkLearn.SeleniumFrameworkDesign.SubmitOrderTest" name="submitOrder" time="39.444"/>
</testsuite> <!-- AutomationTestingFrameworkLearn.SeleniumFrameworkDesign.SubmitOrderTest -->
